<?xml version="1.0" encoding="UTF-8"?>
<coverage generated="1681219862578" clover="3.2.0">
  <project timestamp="1681219862578" name="All files">
    <metrics statements="11" coveredstatements="11" conditionals="6" coveredconditionals="6" methods="1" coveredmethods="1" elements="18" coveredelements="18" complexity="0" loc="11" ncloc="11" packages="1" files="1" classes="1"/>
    <file name="functions.js" path="/Users/avnipiro/Desktop/test/functions.js">
      <metrics statements="11" coveredstatements="11" conditionals="6" coveredconditionals="6" methods="1" coveredmethods="1"/>
      <line num="1" count="1" type="stmt"/>
      <line num="2" count="3" type="cond" truecount="4" falsecount="0"/>
      <line num="3" count="2" type="stmt"/>
      <line num="5" count="1" type="stmt"/>
      <line num="6" count="1" type="stmt"/>
      <line num="8" count="1" type="stmt"/>
      <line num="9" count="3" type="cond" truecount="2" falsecount="0"/>
      <line num="10" count="1" type="stmt"/>
      <line num="11" count="1" type="stmt"/>
      <line num="14" count="1" type="stmt"/>
      <line num="17" count="1" type="stmt"/>
    </file>
  </project>
</coverage>
