{"/Users/avnipiro/Desktop/test/functions.js": {"path":"/Users/avnipiro/Desktop/test/functions.js","statementMap":{"0":{"start":{"line":1,"column":20},"end":{"line":15,"column":1}},"1":{"start":{"line":2,"column":2},"end":{"line":4,"column":3}},"2":{"start":{"line":3,"column":4},"end":{"line":3,"column":14}},"3":{"start":{"line":5,"column":16},"end":{"line":5,"column":22}},"4":{"start":{"line":6,"column":21},"end":{"line":6,"column":22}},"5":{"start":{"line":8,"column":2},"end":{"line":13,"column":3}},"6":{"start":{"line":8,"column":15},"end":{"line":8,"column":16}},"7":{"start":{"line":9,"column":4},"end":{"line":12,"column":5}},"8":{"start":{"line":10,"column":6},"end":{"line":10,"column":23}},"9":{"start":{"line":11,"column":6},"end":{"line":11,"column":23}},"10":{"start":{"line":14,"column":2},"end":{"line":14,"column":22}},"11":{"start":{"line":17,"column":0},"end":{"line":19,"column":2}}},"fnMap":{"0":{"name":"(anonymous_0)","decl":{"start":{"line":1,"column":20},"end":{"line":1,"column":21}},"loc":{"start":{"line":1,"column":29},"end":{"line":15,"column":1}},"line":1}},"branchMap":{"0":{"loc":{"start":{"line":2,"column":2},"end":{"line":4,"column":3}},"type":"if","locations":[{"start":{"line":2,"column":2},"end":{"line":4,"column":3}},{"start":{},"end":{}}],"line":2},"1":{"loc":{"start":{"line":2,"column":6},"end":{"line":2,"column":30}},"type":"binary-expr","locations":[{"start":{"line":2,"column":6},"end":{"line":2,"column":10}},{"start":{"line":2,"column":14},"end":{"line":2,"column":30}}],"line":2},"2":{"loc":{"start":{"line":9,"column":4},"end":{"line":12,"column":5}},"type":"if","locations":[{"start":{"line":9,"column":4},"end":{"line":12,"column":5}},{"start":{},"end":{}}],"line":9}},"s":{"0":1,"1":3,"2":2,"3":1,"4":1,"5":1,"6":1,"7":3,"8":1,"9":1,"10":1,"11":1},"f":{"0":3},"b":{"0":[2,1],"1":[3,2],"2":[1,2]},"_coverageSchema":"1a1c01bbd47fc00a2c39e90264f33305004495a9","hash":"64005e8d069a3af22ad193dfafbfffffb0d25222"}
}
